# JRE version: Java(TM) SE Runtime Environment (8.0_92-b14) (build 1.8.0_92-b14)
# Java VM: Java HotSpot(TM) 64-Bit Server VM (25.92-b14 mixed mode windows-amd64 compressed oops)
Heap:
 PSYoungGen      total 25088K, used 4503K [0x00000000eb400000, 0x00000000ed500000, 0x0000000100000000)
  eden space 16384K, 26% used [0x00000000eb400000,0x00000000eb83dd20,0x00000000ec400000)
  from space 8704K, 1% used [0x00000000ecc80000,0x00000000ecca8000,0x00000000ed500000)
  to   space 8704K, 0% used [0x00000000ec400000,0x00000000ec400000,0x00000000ecc80000)
 ParOldGen       total 44032K, used 12151K [0x00000000c1c00000, 0x00000000c4700000, 0x00000000eb400000)
  object space 44032K, 27% used [0x00000000c1c00000,0x00000000c27ddc68,0x00000000c4700000)
 Metaspace       used 14848K, capacity 15522K, committed 15744K, reserved 1062912K
  class space    used 1949K, capacity 2157K, committed 2176K, reserved 1048576K
GC Heap History (10 events):
Event: 42.101 GC heap before
{Heap before GC invocations=8 (full 0):
 PSYoungGen      total 25088K, used 16672K [0x00000000eb400000, 0x00000000ed600000, 0x0000000100000000)
  eden space 16384K, 100% used [0x00000000eb400000,0x00000000ec400000,0x00000000ec400000)
  from space 8704K, 3% used [0x00000000ec400000,0x00000000ec448000,0x00000000ecc80000)
  to   space 9216K, 0% used [0x00000000ecd00000,0x00000000ecd00000,0x00000000ed600000)
 ParOldGen       total 44032K, used 11898K [0x00000000c1c00000, 0x00000000c4700000, 0x00000000eb400000)
  object space 44032K, 27% used [0x00000000c1c00000,0x00000000c279e918,0x00000000c4700000)
 Metaspace       used 14842K, capacity 15522K, committed 15744K, reserved 1062912K
  class space    used 1949K, capacity 2157K, committed 2176K, reserved 1048576K
Event: 42.103 GC heap after
Heap after GC invocations=8 (full 0):
 PSYoungGen      total 25600K, used 160K [0x00000000eb400000, 0x00000000ed600000, 0x0000000100000000)
  eden space 16384K, 0% used [0x00000000eb400000,0x00000000eb400000,0x00000000ec400000)
  from space 9216K, 1% used [0x00000000ecd00000,0x00000000ecd28000,0x00000000ed600000)
  to   space 9216K, 0% used [0x00000000ec400000,0x00000000ec400000,0x00000000ecd00000)
 ParOldGen       total 44032K, used 12047K [0x00000000c1c00000, 0x00000000c4700000, 0x00000000eb400000)
  object space 44032K, 27% used [0x00000000c1c00000,0x00000000c27c3c68,0x00000000c4700000)
 Metaspace       used 14842K, capacity 15522K, committed 15744K, reserved 1062912K
  class space    used 1949K, capacity 2157K, committed 2176K, reserved 1048576K
}
Event: 47.115 GC heap before
{Heap before GC invocations=9 (full 0):
 PSYoungGen      total 25600K, used 16544K [0x00000000eb400000, 0x00000000ed600000, 0x0000000100000000)
  eden space 16384K, 100% used [0x00000000eb400000,0x00000000ec400000,0x00000000ec400000)
  from space 9216K, 1% used [0x00000000ecd00000,0x00000000ecd28000,0x00000000ed600000)
  to   space 9216K, 0% used [0x00000000ec400000,0x00000000ec400000,0x00000000ecd00000)
 ParOldGen       total 44032K, used 12047K [0x00000000c1c00000, 0x00000000c4700000, 0x00000000eb400000)
  object space 44032K, 27% used [0x00000000c1c00000,0x00000000c27c3c68,0x00000000c4700000)
 Metaspace       used 14846K, capacity 15522K, committed 15744K, reserved 1062912K
  class space    used 1949K, capacity 2157K, committed 2176K, reserved 1048576K
Event: 47.117 GC heap after
Heap after GC invocations=9 (full 0):
 PSYoungGen      total 25600K, used 160K [0x00000000eb400000, 0x00000000ed600000, 0x0000000100000000)
  eden space 16384K, 0% used [0x00000000eb400000,0x00000000eb400000,0x00000000ec400000)
  from space 9216K, 1% used [0x00000000ec400000,0x00000000ec428000,0x00000000ecd00000)
  to   space 9216K, 0% used [0x00000000ecd00000,0x00000000ecd00000,0x00000000ed600000)
 ParOldGen       total 44032K, used 12071K [0x00000000c1c00000, 0x00000000c4700000, 0x00000000eb400000)
  object space 44032K, 27% used [0x00000000c1c00000,0x00000000c27c9c68,0x00000000c4700000)
 Metaspace       used 14846K, capacity 15522K, committed 15744K, reserved 1062912K
  class space    used 1949K, capacity 2157K, committed 2176K, reserved 1048576K
}
Event: 52.066 GC heap before
{Heap before GC invocations=10 (full 0):
 PSYoungGen      total 25600K, used 16544K [0x00000000eb400000, 0x00000000ed600000, 0x0000000100000000)
  eden space 16384K, 100% used [0x00000000eb400000,0x00000000ec400000,0x00000000ec400000)
  from space 9216K, 1% used [0x00000000ec400000,0x00000000ec428000,0x00000000ecd00000)
  to   space 9216K, 0% used [0x00000000ecd00000,0x00000000ecd00000,0x00000000ed600000)
 ParOldGen       total 44032K, used 12071K [0x00000000c1c00000, 0x00000000c4700000, 0x00000000eb400000)
  object space 44032K, 27% used [0x00000000c1c00000,0x00000000c27c9c68,0x00000000c4700000)
 Metaspace       used 14847K, capacity 15522K, committed 15744K, reserved 1062912K
  class space    used 1949K, capacity 2157K, committed 2176K, reserved 1048576K
Event: 52.067 GC heap after
Heap after GC invocations=10 (full 0):
 PSYoungGen      total 25600K, used 160K [0x00000000eb400000, 0x00000000ed600000, 0x0000000100000000)
  eden space 16384K, 0% used [0x00000000eb400000,0x00000000eb400000,0x00000000ec400000)
  from space 9216K, 1% used [0x00000000ecd00000,0x00000000ecd28000,0x00000000ed600000)
  to   space 9216K, 0% used [0x00000000ec400000,0x00000000ec400000,0x00000000ecd00000)
 ParOldGen       total 44032K, used 12103K [0x00000000c1c00000, 0x00000000c4700000, 0x00000000eb400000)
  object space 44032K, 27% used [0x00000000c1c00000,0x00000000c27d1c68,0x00000000c4700000)
 Metaspace       used 14847K, capacity 15522K, committed 15744K, reserved 1062912K
  class space    used 1949K, capacity 2157K, committed 2176K, reserved 1048576K
}
Event: 56.948 GC heap before
{Heap before GC invocations=11 (full 0):
 PSYoungGen      total 25600K, used 16544K [0x00000000eb400000, 0x00000000ed600000, 0x0000000100000000)
  eden space 16384K, 100% used [0x00000000eb400000,0x00000000ec400000,0x00000000ec400000)
  from space 9216K, 1% used [0x00000000ecd00000,0x00000000ecd28000,0x00000000ed600000)
  to   space 9216K, 0% used [0x00000000ec400000,0x00000000ec400000,0x00000000ecd00000)
 ParOldGen       total 44032K, used 12103K [0x00000000c1c00000, 0x00000000c4700000, 0x00000000eb400000)
  object space 44032K, 27% used [0x00000000c1c00000,0x00000000c27d1c68,0x00000000c4700000)
 Metaspace       used 14848K, capacity 15522K, committed 15744K, reserved 1062912K
  class space    used 1949K, capacity 2157K, committed 2176K, reserved 1048576K
Event: 56.950 GC heap after
Heap after GC invocations=11 (full 0):
 PSYoungGen      total 16896K, used 128K [0x00000000eb400000, 0x00000000ed500000, 0x0000000100000000)
  eden space 16384K, 0% used [0x00000000eb400000,0x00000000eb400000,0x00000000ec400000)
  from space 512K, 25% used [0x00000000ec400000,0x00000000ec420000,0x00000000ec480000)
  to   space 8704K, 0% used [0x00000000ecc80000,0x00000000ecc80000,0x00000000ed500000)
 ParOldGen       total 44032K, used 12135K [0x00000000c1c00000, 0x00000000c4700000, 0x00000000eb400000)
  object space 44032K, 27% used [0x00000000c1c00000,0x00000000c27d9c68,0x00000000c4700000)
 Metaspace       used 14848K, capacity 15522K, committed 15744K, reserved 1062912K
  class space    used 1949K, capacity 2157K, committed 2176K, reserved 1048576K
}
Event: 61.882 GC heap before
{Heap before GC invocations=12 (full 0):
 PSYoungGen      total 16896K, used 16512K [0x00000000eb400000, 0x00000000ed500000, 0x0000000100000000)
  eden space 16384K, 100% used [0x00000000eb400000,0x00000000ec400000,0x00000000ec400000)
  from space 512K, 25% used [0x00000000ec400000,0x00000000ec420000,0x00000000ec480000)
  to   space 8704K, 0% used [0x00000000ecc80000,0x00000000ecc80000,0x00000000ed500000)
 ParOldGen       total 44032K, used 12135K [0x00000000c1c00000, 0x00000000c4700000, 0x00000000eb400000)
  object space 44032K, 27% used [0x00000000c1c00000,0x00000000c27d9c68,0x00000000c4700000)
 Metaspace       used 14848K, capacity 15522K, committed 15744K, reserved 1062912K
  class space    used 1949K, capacity 2157K, committed 2176K, reserved 1048576K
Event: 61.884 GC heap after
Heap after GC invocations=12 (full 0):
 PSYoungGen      total 25088K, used 160K [0x00000000eb400000, 0x00000000ed500000, 0x0000000100000000)
  eden space 16384K, 0% used [0x00000000eb400000,0x00000000eb400000,0x00000000ec400000)
  from space 8704K, 1% used [0x00000000ecc80000,0x00000000ecca8000,0x00000000ed500000)
  to   space 8704K, 0% used [0x00000000ec400000,0x00000000ec400000,0x00000000ecc80000)
 ParOldGen       total 44032K, used 12151K [0x00000000c1c00000, 0x00000000c4700000, 0x00000000eb400000)
  object space 44032K, 27% used [0x00000000c1c00000,0x00000000c27ddc68,0x00000000c4700000)
 Metaspace       used 14848K, capacity 15522K, committed 15744K, reserved 1062912K
  class space    used 1949K, capacity 2157K, committed 2176K, reserved 1048576K
}

