# JRE version: Java(TM) SE Runtime Environment (8.0_92-b14) (build 1.8.0_92-b14)
# Java VM: Java HotSpot(TM) 64-Bit Server VM (25.92-b14 mixed mode windows-amd64 compressed oops)
Heap:
 PSYoungGen      total 16896K, used 12004K [0x00000000eb400000, 0x00000000ec580000, 0x0000000100000000)
  eden space 16384K, 72% used [0x00000000eb400000,0x00000000ebfa9098,0x00000000ec400000)
  from space 512K, 12% used [0x00000000ec480000,0x00000000ec490000,0x00000000ec500000)
  to   space 512K, 0% used [0x00000000ec500000,0x00000000ec500000,0x00000000ec580000)
 ParOldGen       total 44032K, used 12071K [0x00000000c1c00000, 0x00000000c4700000, 0x00000000eb400000)
  object space 44032K, 27% used [0x00000000c1c00000,0x00000000c27c9c60,0x00000000c4700000)
 Metaspace       used 14746K, capacity 15468K, committed 15744K, reserved 1062912K
  class space    used 1944K, capacity 2155K, committed 2176K, reserved 1048576K
GC Heap History (10 events):
Event: 392.265 GC heap before
{Heap before GC invocations=59 (full 0):
 PSYoungGen      total 16896K, used 16480K [0x00000000eb400000, 0x00000000ec580000, 0x0000000100000000)
  eden space 16384K, 100% used [0x00000000eb400000,0x00000000ec400000,0x00000000ec400000)
  from space 512K, 18% used [0x00000000ec500000,0x00000000ec518000,0x00000000ec580000)
  to   space 512K, 0% used [0x00000000ec480000,0x00000000ec480000,0x00000000ec500000)
 ParOldGen       total 44032K, used 12023K [0x00000000c1c00000, 0x00000000c4700000, 0x00000000eb400000)
  object space 44032K, 27% used [0x00000000c1c00000,0x00000000c27bdc60,0x00000000c4700000)
 Metaspace       used 14739K, capacity 15468K, committed 15744K, reserved 1062912K
  class space    used 1944K, capacity 2155K, committed 2176K, reserved 1048576K
Event: 392.267 GC heap after
Heap after GC invocations=59 (full 0):
 PSYoungGen      total 16896K, used 64K [0x00000000eb400000, 0x00000000ec580000, 0x0000000100000000)
  eden space 16384K, 0% used [0x00000000eb400000,0x00000000eb400000,0x00000000ec400000)
  from space 512K, 12% used [0x00000000ec480000,0x00000000ec490000,0x00000000ec500000)
  to   space 512K, 0% used [0x00000000ec500000,0x00000000ec500000,0x00000000ec580000)
 ParOldGen       total 44032K, used 12039K [0x00000000c1c00000, 0x00000000c4700000, 0x00000000eb400000)
  object space 44032K, 27% used [0x00000000c1c00000,0x00000000c27c1c60,0x00000000c4700000)
 Metaspace       used 14739K, capacity 15468K, committed 15744K, reserved 1062912K
  class space    used 1944K, capacity 2155K, committed 2176K, reserved 1048576K
}
Event: 398.761 GC heap before
{Heap before GC invocations=60 (full 0):
 PSYoungGen      total 16896K, used 16448K [0x00000000eb400000, 0x00000000ec580000, 0x0000000100000000)
  eden space 16384K, 100% used [0x00000000eb400000,0x00000000ec400000,0x00000000ec400000)
  from space 512K, 12% used [0x00000000ec480000,0x00000000ec490000,0x00000000ec500000)
  to   space 512K, 0% used [0x00000000ec500000,0x00000000ec500000,0x00000000ec580000)
 ParOldGen       total 44032K, used 12039K [0x00000000c1c00000, 0x00000000c4700000, 0x00000000eb400000)
  object space 44032K, 27% used [0x00000000c1c00000,0x00000000c27c1c60,0x00000000c4700000)
 Metaspace       used 14739K, capacity 15468K, committed 15744K, reserved 1062912K
  class space    used 1944K, capacity 2155K, committed 2176K, reserved 1048576K
Event: 398.763 GC heap after
Heap after GC invocations=60 (full 0):
 PSYoungGen      total 16896K, used 96K [0x00000000eb400000, 0x00000000ec580000, 0x0000000100000000)
  eden space 16384K, 0% used [0x00000000eb400000,0x00000000eb400000,0x00000000ec400000)
  from space 512K, 18% used [0x00000000ec500000,0x00000000ec518000,0x00000000ec580000)
  to   space 512K, 0% used [0x00000000ec480000,0x00000000ec480000,0x00000000ec500000)
 ParOldGen       total 44032K, used 12047K [0x00000000c1c00000, 0x00000000c4700000, 0x00000000eb400000)
  object space 44032K, 27% used [0x00000000c1c00000,0x00000000c27c3c60,0x00000000c4700000)
 Metaspace       used 14739K, capacity 15468K, committed 15744K, reserved 1062912K
  class space    used 1944K, capacity 2155K, committed 2176K, reserved 1048576K
}
Event: 405.218 GC heap before
{Heap before GC invocations=61 (full 0):
 PSYoungGen      total 16896K, used 16480K [0x00000000eb400000, 0x00000000ec580000, 0x0000000100000000)
  eden space 16384K, 100% used [0x00000000eb400000,0x00000000ec400000,0x00000000ec400000)
  from space 512K, 18% used [0x00000000ec500000,0x00000000ec518000,0x00000000ec580000)
  to   space 512K, 0% used [0x00000000ec480000,0x00000000ec480000,0x00000000ec500000)
 ParOldGen       total 44032K, used 12047K [0x00000000c1c00000, 0x00000000c4700000, 0x00000000eb400000)
  object space 44032K, 27% used [0x00000000c1c00000,0x00000000c27c3c60,0x00000000c4700000)
 Metaspace       used 14739K, capacity 15468K, committed 15744K, reserved 1062912K
  class space    used 1944K, capacity 2155K, committed 2176K, reserved 1048576K
Event: 405.221 GC heap after
Heap after GC invocations=61 (full 0):
 PSYoungGen      total 16896K, used 96K [0x00000000eb400000, 0x00000000ec580000, 0x0000000100000000)
  eden space 16384K, 0% used [0x00000000eb400000,0x00000000eb400000,0x00000000ec400000)
  from space 512K, 18% used [0x00000000ec480000,0x00000000ec498000,0x00000000ec500000)
  to   space 512K, 0% used [0x00000000ec500000,0x00000000ec500000,0x00000000ec580000)
 ParOldGen       total 44032K, used 12047K [0x00000000c1c00000, 0x00000000c4700000, 0x00000000eb400000)
  object space 44032K, 27% used [0x00000000c1c00000,0x00000000c27c3c60,0x00000000c4700000)
 Metaspace       used 14739K, capacity 15468K, committed 15744K, reserved 1062912K
  class space    used 1944K, capacity 2155K, committed 2176K, reserved 1048576K
}
Event: 411.674 GC heap before
{Heap before GC invocations=62 (full 0):
 PSYoungGen      total 16896K, used 16480K [0x00000000eb400000, 0x00000000ec580000, 0x0000000100000000)
  eden space 16384K, 100% used [0x00000000eb400000,0x00000000ec400000,0x00000000ec400000)
  from space 512K, 18% used [0x00000000ec480000,0x00000000ec498000,0x00000000ec500000)
  to   space 512K, 0% used [0x00000000ec500000,0x00000000ec500000,0x00000000ec580000)
 ParOldGen       total 44032K, used 12047K [0x00000000c1c00000, 0x00000000c4700000, 0x00000000eb400000)
  object space 44032K, 27% used [0x00000000c1c00000,0x00000000c27c3c60,0x00000000c4700000)
 Metaspace       used 14739K, capacity 15468K, committed 15744K, reserved 1062912K
  class space    used 1944K, capacity 2155K, committed 2176K, reserved 1048576K
Event: 411.675 GC heap after
Heap after GC invocations=62 (full 0):
 PSYoungGen      total 16896K, used 96K [0x00000000eb400000, 0x00000000ec580000, 0x0000000100000000)
  eden space 16384K, 0% used [0x00000000eb400000,0x00000000eb400000,0x00000000ec400000)
  from space 512K, 18% used [0x00000000ec500000,0x00000000ec518000,0x00000000ec580000)
  to   space 512K, 0% used [0x00000000ec480000,0x00000000ec480000,0x00000000ec500000)
 ParOldGen       total 44032K, used 12071K [0x00000000c1c00000, 0x00000000c4700000, 0x00000000eb400000)
  object space 44032K, 27% used [0x00000000c1c00000,0x00000000c27c9c60,0x00000000c4700000)
 Metaspace       used 14739K, capacity 15468K, committed 15744K, reserved 1062912K
  class space    used 1944K, capacity 2155K, committed 2176K, reserved 1048576K
}
Event: 418.167 GC heap before
{Heap before GC invocations=63 (full 0):
 PSYoungGen      total 16896K, used 16480K [0x00000000eb400000, 0x00000000ec580000, 0x0000000100000000)
  eden space 16384K, 100% used [0x00000000eb400000,0x00000000ec400000,0x00000000ec400000)
  from space 512K, 18% used [0x00000000ec500000,0x00000000ec518000,0x00000000ec580000)
  to   space 512K, 0% used [0x00000000ec480000,0x00000000ec480000,0x00000000ec500000)
 ParOldGen       total 44032K, used 12071K [0x00000000c1c00000, 0x00000000c4700000, 0x00000000eb400000)
  object space 44032K, 27% used [0x00000000c1c00000,0x00000000c27c9c60,0x00000000c4700000)
 Metaspace       used 14739K, capacity 15468K, committed 15744K, reserved 1062912K
  class space    used 1944K, capacity 2155K, committed 2176K, reserved 1048576K
Event: 418.171 GC heap after
Heap after GC invocations=63 (full 0):
 PSYoungGen      total 16896K, used 64K [0x00000000eb400000, 0x00000000ec580000, 0x0000000100000000)
  eden space 16384K, 0% used [0x00000000eb400000,0x00000000eb400000,0x00000000ec400000)
  from space 512K, 12% used [0x00000000ec480000,0x00000000ec490000,0x00000000ec500000)
  to   space 512K, 0% used [0x00000000ec500000,0x00000000ec500000,0x00000000ec580000)
 ParOldGen       total 44032K, used 12071K [0x00000000c1c00000, 0x00000000c4700000, 0x00000000eb400000)
  object space 44032K, 27% used [0x00000000c1c00000,0x00000000c27c9c60,0x00000000c4700000)
 Metaspace       used 14739K, capacity 15468K, committed 15744K, reserved 1062912K
  class space    used 1944K, capacity 2155K, committed 2176K, reserved 1048576K
}

